<?xml version="1.0" encoding="UTF-8"?>
<!-- Generated by org.testng.reporters.JUnitReportReporter -->
<testsuite hostname="DESKTOP-FTHOGM6" failures="0" tests="2" name="testcase.employeetest" time="57.650" errors="0" timestamp="2023-12-08T21:15:48 IST" skipped="0">
  <testcase classname="testcase.employeetest" name="LoginTest" time="2.903"/>
  <system-out/>
  <testcase classname="testcase.employeetest" name="EmployeeDetails" time="54.747"/>
  <system-out/>
</testsuite> <!-- testcase.employeetest -->
