<?xml version="1.0" encoding="UTF-8"?>
<!-- Generated by org.testng.reporters.JUnitReportReporter -->
<testsuite hostname="DESKTOP-FTHOGM6" failures="0" tests="1" name="testcase.TicketsTest" time="6.568" errors="0" timestamp="2023-12-08T18:31:26 IST" skipped="0">
  <testcase classname="testcase.TicketsTest" name="LoginTest" time="6.568"/>
  <system-out/>
</testsuite> <!-- testcase.TicketsTest -->
