<?xml version="1.0" encoding="UTF-8"?>
<!-- Generated by org.testng.reporters.JUnitReportReporter -->
<testsuite hostname="DESKTOP-FTHOGM6" failures="0" tests="2" name="testcase.organisationTest" time="21.930" errors="0" timestamp="2023-12-10T19:28:23 IST" skipped="0">
  <testcase classname="testcase.organisationTest" name="OrganisationTest" time="19.037"/>
  <system-out/>
  <testcase classname="testcase.organisationTest" name="LoginTest" time="2.893"/>
  <system-out/>
</testsuite> <!-- testcase.organisationTest -->
