<?xml version="1.0" encoding="UTF-8"?>
<!-- Generated by org.testng.reporters.JUnitReportReporter -->
<testsuite hostname="DESKTOP-FTHOGM6" failures="0" tests="1" name="testcase.employeeExitTest" time="48.977" errors="0" timestamp="2023-12-06T12:48:56 IST" skipped="0">
  <testcase classname="testcase.employeeExitTest" name="LoginTest" time="48.977"/>
  <system-out/>
</testsuite> <!-- testcase.employeeExitTest -->
