<?xml version="1.0" encoding="UTF-8"?>
<!-- Generated by org.testng.reporters.JUnitReportReporter -->
<testsuite hostname="DESKTOP-FTHOGM6" failures="0" tests="4" name="testcase.FirstFW" time="46.777" errors="0" timestamp="2023-11-29T16:48:23 IST" skipped="0">
  <testcase classname="testcase.FirstFW" name="LoginTest" time="12.816"/>
  <system-out/>
  <testcase classname="testcase.FirstFW" name="LoginTest" time="10.244"/>
  <system-out/>
  <testcase classname="testcase.FirstFW" name="LoginTest" time="13.204"/>
  <system-out/>
  <testcase classname="testcase.FirstFW" name="LoginTest" time="10.513"/>
  <system-out/>
</testsuite> <!-- testcase.FirstFW -->
