<?xml version="1.0" encoding="UTF-8"?>
<!-- Generated by org.testng.reporters.JUnitReportReporter -->
<testsuite hostname="DESKTOP-FTHOGM6" failures="0" tests="2" name="testcase.organisationTest" time="19.762" errors="0" timestamp="2023-12-08T18:31:26 IST" skipped="0">
  <testcase classname="testcase.organisationTest" name="LoginTest" time="2.609"/>
  <system-out/>
  <testcase classname="testcase.organisationTest" name="OrganisationTest" time="17.153"/>
  <system-out/>
</testsuite> <!-- testcase.organisationTest -->
