<?xml version="1.0" encoding="UTF-8"?>
<!-- Generated by org.testng.reporters.JUnitReportReporter -->
<testsuite hostname="DESKTOP-FTHOGM6" failures="0" tests="2" name="testcase.assetTest" time="41.970" errors="0" timestamp="2023-12-10T19:56:54 IST" skipped="0">
  <testcase classname="testcase.assetTest" name="LoginTest" time="4.785"/>
  <system-out/>
  <testcase classname="testcase.assetTest" name="AssetTest" time="37.185"/>
  <system-out/>
</testsuite> <!-- testcase.assetTest -->
