<?xml version="1.0" encoding="UTF-8"?>
<!-- Generated by org.testng.reporters.JUnitReportReporter -->
<testsuite hostname="DESKTOP-FTHOGM6" failures="0" tests="1" name="testcase.logintest" time="6.013" errors="0" timestamp="2023-12-10T22:17:22 IST" skipped="0">
  <testcase classname="testcase.logintest" name="LoginTest" time="6.013"/>
  <system-out/>
</testsuite> <!-- testcase.logintest -->
