<?xml version="1.0" encoding="UTF-8"?>
<!-- Generated by org.testng.reporters.JUnitReportReporter -->
<testsuite hostname="DESKTOP-FTHOGM6" failures="0" tests="1" name="testcase.trainingTest" time="10.440" errors="0" timestamp="2023-12-10T19:28:23 IST" skipped="0">
  <testcase classname="testcase.trainingTest" name="LoginTest" time="10.440"/>
  <system-out/>
</testsuite> <!-- testcase.trainingTest -->
