<?xml version="1.0" encoding="UTF-8"?>
<!-- Generated by org.testng.reporters.JUnitReportReporter -->
<testsuite hostname="DESKTOP-FTHOGM6" failures="0" tests="1" name="testcase.staffTest" time="14.613" errors="0" timestamp="2023-12-10T19:28:23 IST" skipped="0">
  <testcase classname="testcase.staffTest" name="LoginTest" time="14.613"/>
  <system-out/>
</testsuite> <!-- testcase.staffTest -->
