<?xml version="1.0" encoding="UTF-8"?>
<!-- Generated by org.testng.reporters.JUnitReportReporter -->
<testsuite hostname="DESKTOP-FTHOGM6" failures="0" tests="1" name="testcase.signOutPageTest" time="10.329" errors="0" timestamp="2023-12-10T19:28:23 IST" skipped="0">
  <testcase classname="testcase.signOutPageTest" name="LoginTest" time="10.329"/>
  <system-out/>
</testsuite> <!-- testcase.signOutPageTest -->
