<?xml version="1.0" encoding="UTF-8"?>
<!-- Generated by org.testng.reporters.JUnitReportReporter -->
<testsuite hostname="DESKTOP-FTHOGM6" failures="0" tests="2" name="testcase.assetTest" time="38.677" errors="0" timestamp="2023-12-08T18:31:26 IST" skipped="0">
  <testcase classname="testcase.assetTest" name="AssetTest" time="36.450"/>
  <system-out/>
  <testcase classname="testcase.assetTest" name="LoginTest" time="2.227"/>
  <system-out/>
</testsuite> <!-- testcase.assetTest -->
