<?xml version="1.0" encoding="UTF-8"?>
<!-- Generated by org.testng.reporters.JUnitReportReporter -->
<testsuite hostname="DESKTOP-FTHOGM6" failures="0" tests="2" name="testcase.attendanceTest" time="12.061" errors="0" timestamp="2023-12-08T18:31:26 IST" skipped="0">
  <testcase classname="testcase.attendanceTest" name="LoginTest" time="2.616"/>
  <system-out/>
  <testcase classname="testcase.attendanceTest" name="Attendance" time="9.445"/>
  <system-out/>
</testsuite> <!-- testcase.attendanceTest -->
