<?xml version="1.0" encoding="UTF-8"?>
<!-- Generated by org.testng.reporters.JUnitReportReporter -->
<testsuite hostname="DESKTOP-FTHOGM6" failures="0" tests="2" name="testcase.employeetest" time="13.729" errors="0" timestamp="2023-12-10T19:28:23 IST" skipped="0">
  <testcase classname="testcase.employeetest" name="LoginTest" time="3.055"/>
  <system-out/>
  <testcase classname="testcase.employeetest" name="EmployeeDetails" time="10.674"/>
  <system-out/>
</testsuite> <!-- testcase.employeetest -->
