<?xml version="1.0" encoding="UTF-8"?>
<!-- Generated by org.testng.reporters.JUnitReportReporter -->
<testsuite hostname="DESKTOP-FTHOGM6" failures="0" tests="1" name="testcase.fileManagerTest" time="40.330" errors="0" timestamp="2023-12-10T19:28:23 IST" skipped="0">
  <testcase classname="testcase.fileManagerTest" name="LoginTest" time="40.330"/>
  <system-out/>
</testsuite> <!-- testcase.fileManagerTest -->
